<?xml version="1.0" encoding="UTF-8"?>
<!-- Generated by org.testng.reporters.JUnitReportReporter -->
<testsuite hostname="Muskan" failures="0" tests="1" name="mainFunction.MainDriver" time="5.153" errors="0" timestamp="2020-04-27T21:40:27 EDT" skipped="0">
  <testcase classname="mainFunction.MainDriver" name="test" time="5.153"/>
  <system-out/>
</testsuite> <!-- mainFunction.MainDriver -->
